<?xml version="1.0" encoding="UTF-8"?>
<testsuite name="test.java.ChessBoardNotationTest" tests="1" failures="0" errors="0" timestamp="2017-08-02T17:43:53" hostname="ultroizmuroma" time="0.024">
  <properties/>
  <testcase name="getNotaion" classname="test.java.ChessBoardNotationTest" time="0.024"/>
  <system-out><![CDATA[]]></system-out>
  <system-err><![CDATA[]]></system-err>
</testsuite>
