<?xml version="1.0" encoding="UTF-8"?>
<testsuite name="test.java.Test2" tests="1" failures="0" errors="0" timestamp="2017-08-02T17:41:56" hostname="ultroizmuroma" time="0.001">
  <properties/>
  <testcase name="anotherSample" classname="test.java.Test2" time="0.001"/>
  <system-out><![CDATA[]]></system-out>
  <system-err><![CDATA[]]></system-err>
</testsuite>
